<?xml version="1.0" encoding="UTF-8"?>
<coverage generated="1758285093">
  <project timestamp="1758285093" name="Clover Coverage">
    <package name="Differ\Differ">
      <file name="/home/user/Рабочий стол/php-project-48/src/DiffBuilder.php">
        <class name="Differ\Differ\DiffBuilder" namespace="Differ\Differ">
          <metrics complexity="7" methods="1" coveredmethods="1" conditionals="0" coveredconditionals="0" statements="37" coveredstatements="37" elements="38" coveredelements="38"/>
        </class>
        <line num="7" type="method" name="buildDiff" visibility="public" complexity="7" crap="7" count="7"/>
        <line num="9" type="stmt" count="7"/>
        <line num="10" type="stmt" count="7"/>
        <line num="12" type="stmt" count="7"/>
        <line num="13" type="stmt" count="7"/>
        <line num="14" type="stmt" count="7"/>
        <line num="15" type="stmt" count="7"/>
        <line num="17" type="stmt" count="7"/>
        <line num="18" type="stmt" count="7"/>
        <line num="19" type="stmt" count="7"/>
        <line num="20" type="stmt" count="7"/>
        <line num="21" type="stmt" count="7"/>
        <line num="22" type="stmt" count="7"/>
        <line num="23" type="stmt" count="7"/>
        <line num="24" type="stmt" count="7"/>
        <line num="25" type="stmt" count="7"/>
        <line num="26" type="stmt" count="7"/>
        <line num="27" type="stmt" count="7"/>
        <line num="28" type="stmt" count="7"/>
        <line num="29" type="stmt" count="7"/>
        <line num="30" type="stmt" count="6"/>
        <line num="31" type="stmt" count="6"/>
        <line num="32" type="stmt" count="6"/>
        <line num="33" type="stmt" count="6"/>
        <line num="34" type="stmt" count="6"/>
        <line num="35" type="stmt" count="7"/>
        <line num="36" type="stmt" count="7"/>
        <line num="37" type="stmt" count="7"/>
        <line num="38" type="stmt" count="7"/>
        <line num="39" type="stmt" count="7"/>
        <line num="40" type="stmt" count="7"/>
        <line num="42" type="stmt" count="7"/>
        <line num="43" type="stmt" count="7"/>
        <line num="44" type="stmt" count="7"/>
        <line num="45" type="stmt" count="7"/>
        <line num="46" type="stmt" count="7"/>
        <line num="47" type="stmt" count="7"/>
        <line num="51" type="stmt" count="7"/>
        <metrics loc="53" ncloc="53" classes="1" methods="1" coveredmethods="1" conditionals="0" coveredconditionals="0" statements="37" coveredstatements="37" elements="38" coveredelements="38"/>
      </file>
      <file name="/home/user/Рабочий стол/php-project-48/src/FileParser.php">
        <class name="Differ\Differ\FileParser" namespace="Differ\Differ">
          <metrics complexity="4" methods="2" coveredmethods="1" conditionals="0" coveredconditionals="0" statements="9" coveredstatements="8" elements="11" coveredelements="9"/>
        </class>
        <line num="9" type="method" name="read" visibility="public" complexity="3" crap="3.03" count="10"/>
        <line num="11" type="stmt" count="10"/>
        <line num="12" type="stmt" count="10"/>
        <line num="13" type="stmt" count="1"/>
        <line num="16" type="stmt" count="9"/>
        <line num="17" type="stmt" count="9"/>
        <line num="18" type="stmt" count="0"/>
        <line num="21" type="stmt" count="9"/>
        <line num="24" type="method" name="parse" visibility="public" complexity="1" crap="1" count="9"/>
        <line num="26" type="stmt" count="9"/>
        <line num="27" type="stmt" count="9"/>
        <metrics loc="29" ncloc="29" classes="1" methods="2" coveredmethods="1" conditionals="0" coveredconditionals="0" statements="9" coveredstatements="8" elements="11" coveredelements="9"/>
      </file>
      <file name="/home/user/Рабочий стол/php-project-48/src/Formatters.php">
        <class name="Differ\Differ\Formatters" namespace="Differ\Differ">
          <metrics complexity="5" methods="1" coveredmethods="0" conditionals="0" coveredconditionals="0" statements="7" coveredstatements="6" elements="8" coveredelements="6"/>
        </class>
        <line num="11" type="method" name="getFormatter" visibility="public" complexity="5" crap="5.07" count="7"/>
        <line num="14" type="stmt" count="7"/>
        <line num="15" type="stmt" count="3"/>
        <line num="16" type="stmt" count="4"/>
        <line num="17" type="stmt" count="2"/>
        <line num="18" type="stmt" count="2"/>
        <line num="19" type="stmt" count="2"/>
        <line num="21" type="stmt" count="0"/>
        <metrics loc="24" ncloc="24" classes="1" methods="1" coveredmethods="0" conditionals="0" coveredconditionals="0" statements="7" coveredstatements="6" elements="8" coveredelements="6"/>
      </file>
    </package>
    <package name="Differ\Differ\Formatters">
      <file name="/home/user/Рабочий стол/php-project-48/src/Formatters/JsonFormatter.php">
        <class name="Differ\Differ\Formatters\JsonFormatter" namespace="Differ\Differ\Formatters">
          <metrics complexity="2" methods="1" coveredmethods="0" conditionals="0" coveredconditionals="0" statements="4" coveredstatements="3" elements="5" coveredelements="3"/>
        </class>
        <line num="7" type="method" name="render" visibility="public" complexity="2" crap="2.06" count="2"/>
        <line num="9" type="stmt" count="2"/>
        <line num="10" type="stmt" count="2"/>
        <line num="11" type="stmt" count="0"/>
        <line num="13" type="stmt" count="2"/>
        <metrics loc="15" ncloc="15" classes="1" methods="1" coveredmethods="0" conditionals="0" coveredconditionals="0" statements="4" coveredstatements="3" elements="5" coveredelements="3"/>
      </file>
      <file name="/home/user/Рабочий стол/php-project-48/src/Formatters/PlainFormatter.php">
        <class name="Differ\Differ\Formatters\PlainFormatter" namespace="Differ\Differ\Formatters">
          <metrics complexity="16" methods="3" coveredmethods="2" conditionals="0" coveredconditionals="0" statements="33" coveredstatements="32" elements="36" coveredelements="34"/>
        </class>
        <line num="7" type="method" name="render" visibility="public" complexity="1" crap="1" count="2"/>
        <line num="9" type="stmt" count="2"/>
        <line num="10" type="stmt" count="2"/>
        <line num="11" type="stmt" count="2"/>
        <line num="14" type="method" name="buildLines" visibility="private" complexity="8" crap="8" count="2"/>
        <line num="16" type="stmt" count="2"/>
        <line num="17" type="stmt" count="2"/>
        <line num="18" type="stmt" count="2"/>
        <line num="19" type="stmt" count="2"/>
        <line num="22" type="stmt" count="2"/>
        <line num="23" type="stmt" count="2"/>
        <line num="24" type="stmt" count="2"/>
        <line num="25" type="stmt" count="2"/>
        <line num="26" type="stmt" count="2"/>
        <line num="27" type="stmt" count="2"/>
        <line num="28" type="stmt" count="2"/>
        <line num="29" type="stmt" count="2"/>
        <line num="30" type="stmt" count="2"/>
        <line num="31" type="stmt" count="2"/>
        <line num="32" type="stmt" count="2"/>
        <line num="34" type="stmt" count="2"/>
        <line num="35" type="stmt" count="2"/>
        <line num="36" type="stmt" count="2"/>
        <line num="37" type="stmt" count="2"/>
        <line num="38" type="stmt" count="2"/>
        <line num="39" type="stmt" count="2"/>
        <line num="44" type="method" name="formatValue" visibility="private" complexity="7" crap="7.07" count="2"/>
        <line num="46" type="stmt" count="2"/>
        <line num="47" type="stmt" count="2"/>
        <line num="49" type="stmt" count="2"/>
        <line num="50" type="stmt" count="2"/>
        <line num="52" type="stmt" count="2"/>
        <line num="53" type="stmt" count="2"/>
        <line num="55" type="stmt" count="2"/>
        <line num="56" type="stmt" count="2"/>
        <line num="58" type="stmt" count="0"/>
        <metrics loc="60" ncloc="59" classes="1" methods="3" coveredmethods="2" conditionals="0" coveredconditionals="0" statements="33" coveredstatements="32" elements="36" coveredelements="34"/>
      </file>
      <file name="/home/user/Рабочий стол/php-project-48/src/Formatters/StylishFormatter.php">
        <class name="Differ\Differ\Formatters\StylishFormatter" namespace="Differ\Differ\Formatters">
          <metrics complexity="14" methods="3" coveredmethods="3" conditionals="0" coveredconditionals="0" statements="42" coveredstatements="42" elements="45" coveredelements="45"/>
        </class>
        <line num="7" type="method" name="render" visibility="public" complexity="1" crap="1" count="3"/>
        <line num="9" type="stmt" count="3"/>
        <line num="10" type="stmt" count="3"/>
        <line num="13" type="method" name="formatValue" visibility="private" complexity="6" crap="6" count="3"/>
        <line num="15" type="stmt" count="3"/>
        <line num="16" type="stmt" count="3"/>
        <line num="18" type="stmt" count="3"/>
        <line num="19" type="stmt" count="2"/>
        <line num="21" type="stmt" count="3"/>
        <line num="22" type="stmt" count="3"/>
        <line num="25" type="stmt" count="2"/>
        <line num="26" type="stmt" count="2"/>
        <line num="28" type="stmt" count="2"/>
        <line num="29" type="stmt" count="2"/>
        <line num="30" type="stmt" count="2"/>
        <line num="33" type="stmt" count="2"/>
        <line num="36" type="method" name="formatDiff" visibility="private" complexity="7" crap="7" count="3"/>
        <line num="38" type="stmt" count="3"/>
        <line num="39" type="stmt" count="3"/>
        <line num="41" type="stmt" count="3"/>
        <line num="42" type="stmt" count="3"/>
        <line num="43" type="stmt" count="3"/>
        <line num="46" type="stmt" count="3"/>
        <line num="47" type="stmt" count="2"/>
        <line num="48" type="stmt" count="2"/>
        <line num="49" type="stmt" count="2"/>
        <line num="50" type="stmt" count="3"/>
        <line num="51" type="stmt" count="3"/>
        <line num="52" type="stmt" count="3"/>
        <line num="53" type="stmt" count="3"/>
        <line num="54" type="stmt" count="3"/>
        <line num="55" type="stmt" count="3"/>
        <line num="56" type="stmt" count="3"/>
        <line num="57" type="stmt" count="3"/>
        <line num="58" type="stmt" count="3"/>
        <line num="59" type="stmt" count="3"/>
        <line num="60" type="stmt" count="3"/>
        <line num="61" type="stmt" count="3"/>
        <line num="62" type="stmt" count="3"/>
        <line num="63" type="stmt" count="3"/>
        <line num="64" type="stmt" count="3"/>
        <line num="65" type="stmt" count="3"/>
        <line num="66" type="stmt" count="3"/>
        <line num="67" type="stmt" count="3"/>
        <line num="71" type="stmt" count="3"/>
        <metrics loc="73" ncloc="73" classes="1" methods="3" coveredmethods="3" conditionals="0" coveredconditionals="0" statements="42" coveredstatements="42" elements="45" coveredelements="45"/>
      </file>
    </package>
    <package name="Differ\Differ\Parsers">
      <file name="/home/user/Рабочий стол/php-project-48/src/Parsers/JsonParser.php">
        <class name="Differ\Differ\Parsers\JsonParser" namespace="Differ\Differ\Parsers">
          <metrics complexity="2" methods="1" coveredmethods="1" conditionals="0" coveredconditionals="0" statements="4" coveredstatements="4" elements="5" coveredelements="5"/>
        </class>
        <line num="7" type="method" name="parse" visibility="public" complexity="2" crap="2" count="4"/>
        <line num="9" type="stmt" count="4"/>
        <line num="11" type="stmt" count="4"/>
        <line num="12" type="stmt" count="1"/>
        <line num="15" type="stmt" count="3"/>
        <metrics loc="17" ncloc="17" classes="1" methods="1" coveredmethods="1" conditionals="0" coveredconditionals="0" statements="4" coveredstatements="4" elements="5" coveredelements="5"/>
      </file>
      <file name="/home/user/Рабочий стол/php-project-48/src/Parsers/ParserFactory.php">
        <class name="Differ\Differ\Parsers\ParserFactory" namespace="Differ\Differ\Parsers">
          <metrics complexity="5" methods="1" coveredmethods="0" conditionals="0" coveredconditionals="0" statements="7" coveredstatements="5" elements="8" coveredelements="5"/>
        </class>
        <line num="7" type="method" name="getParser" visibility="public" complexity="5" crap="5.58" count="9"/>
        <line num="9" type="stmt" count="9"/>
        <line num="12" type="stmt" count="9"/>
        <line num="13" type="stmt" count="4"/>
        <line num="14" type="stmt" count="5"/>
        <line num="15" type="stmt" count="0"/>
        <line num="16" type="stmt" count="5"/>
        <line num="18" type="stmt" count="0"/>
        <metrics loc="21" ncloc="21" classes="1" methods="1" coveredmethods="0" conditionals="0" coveredconditionals="0" statements="7" coveredstatements="5" elements="8" coveredelements="5"/>
      </file>
      <file name="/home/user/Рабочий стол/php-project-48/src/Parsers/YamlParser.php">
        <class name="Differ\Differ\Parsers\YamlParser" namespace="Differ\Differ\Parsers">
          <metrics complexity="2" methods="1" coveredmethods="1" conditionals="0" coveredconditionals="0" statements="3" coveredstatements="3" elements="4" coveredelements="4"/>
        </class>
        <line num="10" type="method" name="parse" visibility="public" complexity="2" crap="2" count="5"/>
        <line num="13" type="stmt" count="5"/>
        <line num="14" type="stmt" count="1"/>
        <line num="15" type="stmt" count="1"/>
        <metrics loc="18" ncloc="18" classes="1" methods="1" coveredmethods="1" conditionals="0" coveredconditionals="0" statements="3" coveredstatements="3" elements="4" coveredelements="4"/>
      </file>
    </package>
    <file name="/home/user/Рабочий стол/php-project-48/src/Parsers/ParserInterface.php">
      <metrics loc="8" ncloc="8" classes="0" methods="0" coveredmethods="0" conditionals="0" coveredconditionals="0" statements="0" coveredstatements="0" elements="0" coveredelements="0"/>
    </file>
    <file name="/home/user/Рабочий стол/php-project-48/src/genDiff.php">
      <line num="7" type="stmt" count="10"/>
      <line num="8" type="stmt" count="9"/>
      <line num="10" type="stmt" count="7"/>
      <line num="11" type="stmt" count="7"/>
      <line num="13" type="stmt" count="7"/>
      <line num="15" type="stmt" count="7"/>
      <line num="16" type="stmt" count="7"/>
      <metrics loc="17" ncloc="17" classes="0" methods="0" coveredmethods="0" conditionals="0" coveredconditionals="0" statements="7" coveredstatements="7" elements="7" coveredelements="7"/>
    </file>
    <metrics files="11" loc="335" ncloc="334" classes="9" methods="14" coveredmethods="9" conditionals="0" coveredconditionals="0" statements="153" coveredstatements="147" elements="167" coveredelements="156"/>
  </project>
</coverage>
